[09-Jun-2017 11:41:41 UTC] PHP Warning:  include(../database/dbTilkobling.php): failed to open stream: No such file or directory in /home/ubuntu/workspace/vedlikehold/system/login.php on line 8
[09-Jun-2017 11:41:41 UTC] PHP Stack trace:
[09-Jun-2017 11:41:41 UTC] PHP   1. {main}() /home/ubuntu/workspace/vedlikehold/system/login.php:0
[09-Jun-2017 11:41:41 UTC] PHP Warning:  include(): Failed opening '../database/dbTilkobling.php' for inclusion (include_path='.:/usr/share/php:/usr/share/pear') in /home/ubuntu/workspace/vedlikehold/system/login.php on line 8
[09-Jun-2017 11:41:41 UTC] PHP Stack trace:
[09-Jun-2017 11:41:41 UTC] PHP   1. {main}() /home/ubuntu/workspace/vedlikehold/system/login.php:0
[09-Jun-2017 11:41:41 UTC] PHP Warning:  include(../inc/headerVedlikehold.php): failed to open stream: No such file or directory in /home/ubuntu/workspace/vedlikehold/system/login.php on line 11
[09-Jun-2017 11:41:41 UTC] PHP Stack trace:
[09-Jun-2017 11:41:41 UTC] PHP   1. {main}() /home/ubuntu/workspace/vedlikehold/system/login.php:0
[09-Jun-2017 11:41:41 UTC] PHP Warning:  include(): Failed opening '../inc/headerVedlikehold.php' for inclusion (include_path='.:/usr/share/php:/usr/share/pear') in /home/ubuntu/workspace/vedlikehold/system/login.php on line 11
[09-Jun-2017 11:41:41 UTC] PHP Stack trace:
[09-Jun-2017 11:41:41 UTC] PHP   1. {main}() /home/ubuntu/workspace/vedlikehold/system/login.php:0
[09-Jun-2017 11:41:41 UTC] PHP Warning:  include(../database/dbTilkobling.php): failed to open stream: No such file or directory in /home/ubuntu/workspace/vedlikehold/system/login.php on line 8
[09-Jun-2017 11:41:41 UTC] PHP Stack trace:
[09-Jun-2017 11:41:41 UTC] PHP   1. {main}() /home/ubuntu/workspace/vedlikehold/system/login.php:0
[09-Jun-2017 11:41:41 UTC] PHP Warning:  include(): Failed opening '../database/dbTilkobling.php' for inclusion (include_path='.:/usr/share/php:/usr/share/pear') in /home/ubuntu/workspace/vedlikehold/system/login.php on line 8
[09-Jun-2017 11:41:41 UTC] PHP Stack trace:
[09-Jun-2017 11:41:41 UTC] PHP   1. {main}() /home/ubuntu/workspace/vedlikehold/system/login.php:0
[09-Jun-2017 11:41:41 UTC] PHP Warning:  include(../inc/headerVedlikehold.php): failed to open stream: No such file or directory in /home/ubuntu/workspace/vedlikehold/system/login.php on line 11
[09-Jun-2017 11:41:41 UTC] PHP Stack trace:
[09-Jun-2017 11:41:41 UTC] PHP   1. {main}() /home/ubuntu/workspace/vedlikehold/system/login.php:0
[09-Jun-2017 11:41:41 UTC] PHP Warning:  include(): Failed opening '../inc/headerVedlikehold.php' for inclusion (include_path='.:/usr/share/php:/usr/share/pear') in /home/ubuntu/workspace/vedlikehold/system/login.php on line 11
[09-Jun-2017 11:41:41 UTC] PHP Stack trace:
[09-Jun-2017 11:41:41 UTC] PHP   1. {main}() /home/ubuntu/workspace/vedlikehold/system/login.php:0
[09-Jun-2017 11:46:47 UTC] PHP Warning:  include(../session2.php): failed to open stream: No such file or directory in /home/ubuntu/workspace/vedlikehold/endre/endreYrkesgruppe.php on line 3
[09-Jun-2017 11:46:47 UTC] PHP Stack trace:
[09-Jun-2017 11:46:47 UTC] PHP   1. {main}() /home/ubuntu/workspace/vedlikehold/endre/endreYrkesgruppe.php:0
[09-Jun-2017 11:46:47 UTC] PHP Warning:  include(): Failed opening '../session2.php' for inclusion (include_path='.:/usr/share/php:/usr/share/pear') in /home/ubuntu/workspace/vedlikehold/endre/endreYrkesgruppe.php on line 3
[09-Jun-2017 11:46:47 UTC] PHP Stack trace:
[09-Jun-2017 11:46:47 UTC] PHP   1. {main}() /home/ubuntu/workspace/vedlikehold/endre/endreYrkesgruppe.php:0
[09-Jun-2017 11:47:07 UTC] PHP Parse error:  syntax error, unexpected '<' in /home/ubuntu/workspace/vedlikehold/registrer/registrerBilde.php on line 6
[09-Jun-2017 11:47:11 UTC] PHP Parse error:  syntax error, unexpected '<' in /home/ubuntu/workspace/vedlikehold/registrer/registrerBilde.php on line 6
[09-Jun-2017 11:47:17 UTC] PHP Parse error:  syntax error, unexpected '<' in /home/ubuntu/workspace/vedlikehold/registrer/registrerBilde.php on line 6
[09-Jun-2017 11:50:37 UTC] PHP Warning:  include(../session2.php): failed to open stream: No such file or directory in /home/ubuntu/workspace/vedlikehold/endre/endreBehandler.php on line 3
[09-Jun-2017 11:50:37 UTC] PHP Stack trace:
[09-Jun-2017 11:50:37 UTC] PHP   1. {main}() /home/ubuntu/workspace/vedlikehold/endre/endreBehandler.php:0
[09-Jun-2017 11:50:37 UTC] PHP Warning:  include(): Failed opening '../session2.php' for inclusion (include_path='.:/usr/share/php:/usr/share/pear') in /home/ubuntu/workspace/vedlikehold/endre/endreBehandler.php on line 3
[09-Jun-2017 11:50:37 UTC] PHP Stack trace:
[09-Jun-2017 11:50:37 UTC] PHP   1. {main}() /home/ubuntu/workspace/vedlikehold/endre/endreBehandler.php:0
[09-Jun-2017 12:08:55 UTC] PHP Parse error:  syntax error, unexpected end of file in /home/ubuntu/workspace/vedlikehold/registrer/registrerArbeidsdag.php on line 107
[12-Jun-2017 08:38:47 UTC] PHP Warning:  mysqli_connect(): (HY000/1045): Access denied for user 'ttgmagnus'@'localhost' (using password: NO) in /home/ubuntu/workspace/database/dbTilkobling.php on line 6
[12-Jun-2017 08:38:47 UTC] PHP Stack trace:
[12-Jun-2017 08:38:47 UTC] PHP   1. {main}() /home/ubuntu/workspace/vedlikehold/system/login.php:0
[12-Jun-2017 08:38:47 UTC] PHP   2. include() /home/ubuntu/workspace/vedlikehold/system/login.php:8
[12-Jun-2017 08:38:47 UTC] PHP   3. mysqli_connect() /home/ubuntu/workspace/database/dbTilkobling.php:6
[12-Jun-2017 08:39:04 UTC] PHP Warning:  mysqli_connect(): (HY000/1045): Access denied for user 'tapezg'@'localhost' (using password: NO) in /home/ubuntu/workspace/database/dbTilkobling.php on line 6
[12-Jun-2017 08:39:04 UTC] PHP Stack trace:
[12-Jun-2017 08:39:04 UTC] PHP   1. {main}() /home/ubuntu/workspace/vedlikehold/system/login.php:0
[12-Jun-2017 08:39:04 UTC] PHP   2. include() /home/ubuntu/workspace/vedlikehold/system/login.php:8
[12-Jun-2017 08:39:04 UTC] PHP   3. mysqli_connect() /home/ubuntu/workspace/database/dbTilkobling.php:6
[12-Jun-2017 08:39:07 UTC] PHP Warning:  mysqli_connect(): (HY000/1045): Access denied for user 'tapezg'@'localhost' (using password: NO) in /home/ubuntu/workspace/database/dbTilkobling.php on line 6
[12-Jun-2017 08:39:07 UTC] PHP Stack trace:
[12-Jun-2017 08:39:07 UTC] PHP   1. {main}() /home/ubuntu/workspace/vedlikehold/system/login.php:0
[12-Jun-2017 08:39:07 UTC] PHP   2. include() /home/ubuntu/workspace/vedlikehold/system/login.php:8
[12-Jun-2017 08:39:07 UTC] PHP   3. mysqli_connect() /home/ubuntu/workspace/database/dbTilkobling.php:6
[12-Jun-2017 13:28:30 UTC] PHP Warning:  include(../listebokser/listeboksTime.php): failed to open stream: No such file or directory in /home/ubuntu/workspace/vedlikehold/registrer/registrerArbeidsdag.php on line 38
[12-Jun-2017 13:28:30 UTC] PHP Stack trace:
[12-Jun-2017 13:28:30 UTC] PHP   1. {main}() /home/ubuntu/workspace/vedlikehold/registrer/registrerArbeidsdag.php:0
[12-Jun-2017 13:28:30 UTC] PHP Warning:  include(): Failed opening '../listebokser/listeboksTime.php' for inclusion (include_path='.:/usr/share/php:/usr/share/pear') in /home/ubuntu/workspace/vedlikehold/registrer/registrerArbeidsdag.php on line 38
[12-Jun-2017 13:28:30 UTC] PHP Stack trace:
[12-Jun-2017 13:28:30 UTC] PHP   1. {main}() /home/ubuntu/workspace/vedlikehold/registrer/registrerArbeidsdag.php:0
[12-Jun-2017 13:28:30 UTC] PHP Warning:  include(../listebokser/listeboksTime.php): failed to open stream: No such file or directory in /home/ubuntu/workspace/vedlikehold/registrer/registrerArbeidsdag.php on line 44
[12-Jun-2017 13:28:30 UTC] PHP Stack trace:
[12-Jun-2017 13:28:30 UTC] PHP   1. {main}() /home/ubuntu/workspace/vedlikehold/registrer/registrerArbeidsdag.php:0
[12-Jun-2017 13:28:30 UTC] PHP Warning:  include(): Failed opening '../listebokser/listeboksTime.php' for inclusion (include_path='.:/usr/share/php:/usr/share/pear') in /home/ubuntu/workspace/vedlikehold/registrer/registrerArbeidsdag.php on line 44
[12-Jun-2017 13:28:30 UTC] PHP Stack trace:
[12-Jun-2017 13:28:30 UTC] PHP   1. {main}() /home/ubuntu/workspace/vedlikehold/registrer/registrerArbeidsdag.php:0
[12-Jun-2017 13:28:53 UTC] PHP Warning:  include(../listebokser/listeboksTime.php): failed to open stream: No such file or directory in /home/ubuntu/workspace/vedlikehold/registrer/registrerArbeidsdag.php on line 38
[12-Jun-2017 13:28:53 UTC] PHP Stack trace:
[12-Jun-2017 13:28:53 UTC] PHP   1. {main}() /home/ubuntu/workspace/vedlikehold/registrer/registrerArbeidsdag.php:0
[12-Jun-2017 13:28:53 UTC] PHP Warning:  include(): Failed opening '../listebokser/listeboksTime.php' for inclusion (include_path='.:/usr/share/php:/usr/share/pear') in /home/ubuntu/workspace/vedlikehold/registrer/registrerArbeidsdag.php on line 38
[12-Jun-2017 13:28:53 UTC] PHP Stack trace:
[12-Jun-2017 13:28:53 UTC] PHP   1. {main}() /home/ubuntu/workspace/vedlikehold/registrer/registrerArbeidsdag.php:0
[12-Jun-2017 13:28:53 UTC] PHP Warning:  include(../listebokser/listeboksTime.php): failed to open stream: No such file or directory in /home/ubuntu/workspace/vedlikehold/registrer/registrerArbeidsdag.php on line 44
[12-Jun-2017 13:28:53 UTC] PHP Stack trace:
[12-Jun-2017 13:28:53 UTC] PHP   1. {main}() /home/ubuntu/workspace/vedlikehold/registrer/registrerArbeidsdag.php:0
[12-Jun-2017 13:28:53 UTC] PHP Warning:  include(): Failed opening '../listebokser/listeboksTime.php' for inclusion (include_path='.:/usr/share/php:/usr/share/pear') in /home/ubuntu/workspace/vedlikehold/registrer/registrerArbeidsdag.php on line 44
[12-Jun-2017 13:28:53 UTC] PHP Stack trace:
[12-Jun-2017 13:28:53 UTC] PHP   1. {main}() /home/ubuntu/workspace/vedlikehold/registrer/registrerArbeidsdag.php:0
[12-Jun-2017 14:25:38 UTC] PHP Warning:  include(../listebokser/listeboksTime.php): failed to open stream: No such file or directory in /home/ubuntu/workspace/vedlikehold/registrer/registrerArbeidsdag.php on line 38
[12-Jun-2017 14:25:38 UTC] PHP Stack trace:
[12-Jun-2017 14:25:38 UTC] PHP   1. {main}() /home/ubuntu/workspace/vedlikehold/registrer/registrerArbeidsdag.php:0
[12-Jun-2017 14:25:38 UTC] PHP Warning:  include(): Failed opening '../listebokser/listeboksTime.php' for inclusion (include_path='.:/usr/share/php:/usr/share/pear') in /home/ubuntu/workspace/vedlikehold/registrer/registrerArbeidsdag.php on line 38
[12-Jun-2017 14:25:38 UTC] PHP Stack trace:
[12-Jun-2017 14:25:38 UTC] PHP   1. {main}() /home/ubuntu/workspace/vedlikehold/registrer/registrerArbeidsdag.php:0
[12-Jun-2017 14:25:38 UTC] PHP Warning:  include(../listebokser/listeboksTime.php): failed to open stream: No such file or directory in /home/ubuntu/workspace/vedlikehold/registrer/registrerArbeidsdag.php on line 44
[12-Jun-2017 14:25:38 UTC] PHP Stack trace:
[12-Jun-2017 14:25:38 UTC] PHP   1. {main}() /home/ubuntu/workspace/vedlikehold/registrer/registrerArbeidsdag.php:0
[12-Jun-2017 14:25:38 UTC] PHP Warning:  include(): Failed opening '../listebokser/listeboksTime.php' for inclusion (include_path='.:/usr/share/php:/usr/share/pear') in /home/ubuntu/workspace/vedlikehold/registrer/registrerArbeidsdag.php on line 44
[12-Jun-2017 14:25:38 UTC] PHP Stack trace:
[12-Jun-2017 14:25:38 UTC] PHP   1. {main}() /home/ubuntu/workspace/vedlikehold/registrer/registrerArbeidsdag.php:0
[12-Jun-2017 14:25:44 UTC] PHP Warning:  include(../listebokser/listeboksTime.php): failed to open stream: No such file or directory in /home/ubuntu/workspace/vedlikehold/registrer/registrerArbeidsdag.php on line 38
[12-Jun-2017 14:25:44 UTC] PHP Stack trace:
[12-Jun-2017 14:25:44 UTC] PHP   1. {main}() /home/ubuntu/workspace/vedlikehold/registrer/registrerArbeidsdag.php:0
[12-Jun-2017 14:25:44 UTC] PHP Warning:  include(): Failed opening '../listebokser/listeboksTime.php' for inclusion (include_path='.:/usr/share/php:/usr/share/pear') in /home/ubuntu/workspace/vedlikehold/registrer/registrerArbeidsdag.php on line 38
[12-Jun-2017 14:25:44 UTC] PHP Stack trace:
[12-Jun-2017 14:25:44 UTC] PHP   1. {main}() /home/ubuntu/workspace/vedlikehold/registrer/registrerArbeidsdag.php:0
[12-Jun-2017 14:25:44 UTC] PHP Warning:  include(../listebokser/listeboksTime.php): failed to open stream: No such file or directory in /home/ubuntu/workspace/vedlikehold/registrer/registrerArbeidsdag.php on line 44
[12-Jun-2017 14:25:44 UTC] PHP Stack trace:
[12-Jun-2017 14:25:44 UTC] PHP   1. {main}() /home/ubuntu/workspace/vedlikehold/registrer/registrerArbeidsdag.php:0
[12-Jun-2017 14:25:44 UTC] PHP Warning:  include(): Failed opening '../listebokser/listeboksTime.php' for inclusion (include_path='.:/usr/share/php:/usr/share/pear') in /home/ubuntu/workspace/vedlikehold/registrer/registrerArbeidsdag.php on line 44
[12-Jun-2017 14:25:44 UTC] PHP Stack trace:
[12-Jun-2017 14:25:44 UTC] PHP   1. {main}() /home/ubuntu/workspace/vedlikehold/registrer/registrerArbeidsdag.php:0
[12-Jun-2017 14:25:53 UTC] PHP Warning:  include(../listebokser/listeboksTime.php): failed to open stream: No such file or directory in /home/ubuntu/workspace/vedlikehold/registrer/registrerArbeidsdag.php on line 38
[12-Jun-2017 14:25:53 UTC] PHP Stack trace:
[12-Jun-2017 14:25:53 UTC] PHP   1. {main}() /home/ubuntu/workspace/vedlikehold/registrer/registrerArbeidsdag.php:0
[12-Jun-2017 14:25:53 UTC] PHP Warning:  include(): Failed opening '../listebokser/listeboksTime.php' for inclusion (include_path='.:/usr/share/php:/usr/share/pear') in /home/ubuntu/workspace/vedlikehold/registrer/registrerArbeidsdag.php on line 38
[12-Jun-2017 14:25:53 UTC] PHP Stack trace:
[12-Jun-2017 14:25:53 UTC] PHP   1. {main}() /home/ubuntu/workspace/vedlikehold/registrer/registrerArbeidsdag.php:0
[12-Jun-2017 14:25:53 UTC] PHP Warning:  include(../listebokser/listeboksTime.php): failed to open stream: No such file or directory in /home/ubuntu/workspace/vedlikehold/registrer/registrerArbeidsdag.php on line 44
[12-Jun-2017 14:25:53 UTC] PHP Stack trace:
[12-Jun-2017 14:25:53 UTC] PHP   1. {main}() /home/ubuntu/workspace/vedlikehold/registrer/registrerArbeidsdag.php:0
[12-Jun-2017 14:25:53 UTC] PHP Warning:  include(): Failed opening '../listebokser/listeboksTime.php' for inclusion (include_path='.:/usr/share/php:/usr/share/pear') in /home/ubuntu/workspace/vedlikehold/registrer/registrerArbeidsdag.php on line 44
[12-Jun-2017 14:25:53 UTC] PHP Stack trace:
[12-Jun-2017 14:25:53 UTC] PHP   1. {main}() /home/ubuntu/workspace/vedlikehold/registrer/registrerArbeidsdag.php:0
[12-Jun-2017 14:26:19 UTC] PHP Warning:  include(../listebokser/listeboksTime.php): failed to open stream: No such file or directory in /home/ubuntu/workspace/vedlikehold/endre/endreArbeidsdag.php on line 72
[12-Jun-2017 14:26:19 UTC] PHP Stack trace:
[12-Jun-2017 14:26:19 UTC] PHP   1. {main}() /home/ubuntu/workspace/vedlikehold/endre/endreArbeidsdag.php:0
[12-Jun-2017 14:26:19 UTC] PHP Warning:  include(): Failed opening '../listebokser/listeboksTime.php' for inclusion (include_path='.:/usr/share/php:/usr/share/pear') in /home/ubuntu/workspace/vedlikehold/endre/endreArbeidsdag.php on line 72
[12-Jun-2017 14:26:19 UTC] PHP Stack trace:
[12-Jun-2017 14:26:19 UTC] PHP   1. {main}() /home/ubuntu/workspace/vedlikehold/endre/endreArbeidsdag.php:0
[12-Jun-2017 14:26:19 UTC] PHP Warning:  include(../listebokser/listeboksTime.php): failed to open stream: No such file or directory in /home/ubuntu/workspace/vedlikehold/endre/endreArbeidsdag.php on line 78
[12-Jun-2017 14:26:19 UTC] PHP Stack trace:
[12-Jun-2017 14:26:19 UTC] PHP   1. {main}() /home/ubuntu/workspace/vedlikehold/endre/endreArbeidsdag.php:0
[12-Jun-2017 14:26:19 UTC] PHP Warning:  include(): Failed opening '../listebokser/listeboksTime.php' for inclusion (include_path='.:/usr/share/php:/usr/share/pear') in /home/ubuntu/workspace/vedlikehold/endre/endreArbeidsdag.php on line 78
[12-Jun-2017 14:26:19 UTC] PHP Stack trace:
[12-Jun-2017 14:26:19 UTC] PHP   1. {main}() /home/ubuntu/workspace/vedlikehold/endre/endreArbeidsdag.php:0
[12-Jun-2017 14:26:19 UTC] PHP Warning:  include(../listebokser/listeboksTime.php): failed to open stream: No such file or directory in /home/ubuntu/workspace/vedlikehold/endre/endreArbeidsdag.php on line 84
[12-Jun-2017 14:26:19 UTC] PHP Stack trace:
[12-Jun-2017 14:26:19 UTC] PHP   1. {main}() /home/ubuntu/workspace/vedlikehold/endre/endreArbeidsdag.php:0
[12-Jun-2017 14:26:19 UTC] PHP Warning:  include(): Failed opening '../listebokser/listeboksTime.php' for inclusion (include_path='.:/usr/share/php:/usr/share/pear') in /home/ubuntu/workspace/vedlikehold/endre/endreArbeidsdag.php on line 84
[12-Jun-2017 14:26:19 UTC] PHP Stack trace:
[12-Jun-2017 14:26:19 UTC] PHP   1. {main}() /home/ubuntu/workspace/vedlikehold/endre/endreArbeidsdag.php:0
[12-Jun-2017 14:26:19 UTC] PHP Warning:  include(../listebokser/listeboksTime.php): failed to open stream: No such file or directory in /home/ubuntu/workspace/vedlikehold/endre/endreArbeidsdag.php on line 90
[12-Jun-2017 14:26:19 UTC] PHP Stack trace:
[12-Jun-2017 14:26:19 UTC] PHP   1. {main}() /home/ubuntu/workspace/vedlikehold/endre/endreArbeidsdag.php:0
[12-Jun-2017 14:26:19 UTC] PHP Warning:  include(): Failed opening '../listebokser/listeboksTime.php' for inclusion (include_path='.:/usr/share/php:/usr/share/pear') in /home/ubuntu/workspace/vedlikehold/endre/endreArbeidsdag.php on line 90
[12-Jun-2017 14:26:19 UTC] PHP Stack trace:
[12-Jun-2017 14:26:19 UTC] PHP   1. {main}() /home/ubuntu/workspace/vedlikehold/endre/endreArbeidsdag.php:0
[12-Jun-2017 14:26:34 UTC] PHP Warning:  include(../listebokser/listeboksTime.php): failed to open stream: No such file or directory in /home/ubuntu/workspace/vedlikehold/registrer/registrerArbeidsdag.php on line 38
[12-Jun-2017 14:26:34 UTC] PHP Stack trace:
[12-Jun-2017 14:26:34 UTC] PHP   1. {main}() /home/ubuntu/workspace/vedlikehold/registrer/registrerArbeidsdag.php:0
[12-Jun-2017 14:26:34 UTC] PHP Warning:  include(): Failed opening '../listebokser/listeboksTime.php' for inclusion (include_path='.:/usr/share/php:/usr/share/pear') in /home/ubuntu/workspace/vedlikehold/registrer/registrerArbeidsdag.php on line 38
[12-Jun-2017 14:26:34 UTC] PHP Stack trace:
[12-Jun-2017 14:26:34 UTC] PHP   1. {main}() /home/ubuntu/workspace/vedlikehold/registrer/registrerArbeidsdag.php:0
[12-Jun-2017 14:26:34 UTC] PHP Warning:  include(../listebokser/listeboksTime.php): failed to open stream: No such file or directory in /home/ubuntu/workspace/vedlikehold/registrer/registrerArbeidsdag.php on line 44
[12-Jun-2017 14:26:34 UTC] PHP Stack trace:
[12-Jun-2017 14:26:34 UTC] PHP   1. {main}() /home/ubuntu/workspace/vedlikehold/registrer/registrerArbeidsdag.php:0
[12-Jun-2017 14:26:34 UTC] PHP Warning:  include(): Failed opening '../listebokser/listeboksTime.php' for inclusion (include_path='.:/usr/share/php:/usr/share/pear') in /home/ubuntu/workspace/vedlikehold/registrer/registrerArbeidsdag.php on line 44
[12-Jun-2017 14:26:34 UTC] PHP Stack trace:
[12-Jun-2017 14:26:34 UTC] PHP   1. {main}() /home/ubuntu/workspace/vedlikehold/registrer/registrerArbeidsdag.php:0
[12-Jun-2017 14:26:37 UTC] PHP Warning:  include(../listebokser/listeboksTime.php): failed to open stream: No such file or directory in /home/ubuntu/workspace/vedlikehold/registrer/registrerArbeidsdag.php on line 38
[12-Jun-2017 14:26:37 UTC] PHP Stack trace:
[12-Jun-2017 14:26:37 UTC] PHP   1. {main}() /home/ubuntu/workspace/vedlikehold/registrer/registrerArbeidsdag.php:0
[12-Jun-2017 14:26:37 UTC] PHP Warning:  include(): Failed opening '../listebokser/listeboksTime.php' for inclusion (include_path='.:/usr/share/php:/usr/share/pear') in /home/ubuntu/workspace/vedlikehold/registrer/registrerArbeidsdag.php on line 38
[12-Jun-2017 14:26:37 UTC] PHP Stack trace:
[12-Jun-2017 14:26:37 UTC] PHP   1. {main}() /home/ubuntu/workspace/vedlikehold/registrer/registrerArbeidsdag.php:0
[12-Jun-2017 14:26:37 UTC] PHP Warning:  include(../listebokser/listeboksTime.php): failed to open stream: No such file or directory in /home/ubuntu/workspace/vedlikehold/registrer/registrerArbeidsdag.php on line 44
[12-Jun-2017 14:26:37 UTC] PHP Stack trace:
[12-Jun-2017 14:26:37 UTC] PHP   1. {main}() /home/ubuntu/workspace/vedlikehold/registrer/registrerArbeidsdag.php:0
[12-Jun-2017 14:26:37 UTC] PHP Warning:  include(): Failed opening '../listebokser/listeboksTime.php' for inclusion (include_path='.:/usr/share/php:/usr/share/pear') in /home/ubuntu/workspace/vedlikehold/registrer/registrerArbeidsdag.php on line 44
[12-Jun-2017 14:26:37 UTC] PHP Stack trace:
[12-Jun-2017 14:26:37 UTC] PHP   1. {main}() /home/ubuntu/workspace/vedlikehold/registrer/registrerArbeidsdag.php:0
[12-Jun-2017 14:27:35 UTC] PHP Warning:  include(../listebokser/listeboksTime.php): failed to open stream: No such file or directory in /home/ubuntu/workspace/vedlikehold/registrer/registrerArbeidsdag.php on line 38
[12-Jun-2017 14:27:35 UTC] PHP Stack trace:
[12-Jun-2017 14:27:35 UTC] PHP   1. {main}() /home/ubuntu/workspace/vedlikehold/registrer/registrerArbeidsdag.php:0
[12-Jun-2017 14:27:35 UTC] PHP Warning:  include(): Failed opening '../listebokser/listeboksTime.php' for inclusion (include_path='.:/usr/share/php:/usr/share/pear') in /home/ubuntu/workspace/vedlikehold/registrer/registrerArbeidsdag.php on line 38
[12-Jun-2017 14:27:35 UTC] PHP Stack trace:
[12-Jun-2017 14:27:35 UTC] PHP   1. {main}() /home/ubuntu/workspace/vedlikehold/registrer/registrerArbeidsdag.php:0
[12-Jun-2017 14:27:35 UTC] PHP Warning:  include(../listebokser/listeboksTime.php): failed to open stream: No such file or directory in /home/ubuntu/workspace/vedlikehold/registrer/registrerArbeidsdag.php on line 44
[12-Jun-2017 14:27:35 UTC] PHP Stack trace:
[12-Jun-2017 14:27:35 UTC] PHP   1. {main}() /home/ubuntu/workspace/vedlikehold/registrer/registrerArbeidsdag.php:0
[12-Jun-2017 14:27:35 UTC] PHP Warning:  include(): Failed opening '../listebokser/listeboksTime.php' for inclusion (include_path='.:/usr/share/php:/usr/share/pear') in /home/ubuntu/workspace/vedlikehold/registrer/registrerArbeidsdag.php on line 44
[12-Jun-2017 14:27:35 UTC] PHP Stack trace:
[12-Jun-2017 14:27:35 UTC] PHP   1. {main}() /home/ubuntu/workspace/vedlikehold/registrer/registrerArbeidsdag.php:0
[12-Jun-2017 14:27:39 UTC] PHP Warning:  include(../listebokser/listeboksTime.php): failed to open stream: No such file or directory in /home/ubuntu/workspace/vedlikehold/registrer/registrerArbeidsdag.php on line 38
[12-Jun-2017 14:27:39 UTC] PHP Stack trace:
[12-Jun-2017 14:27:39 UTC] PHP   1. {main}() /home/ubuntu/workspace/vedlikehold/registrer/registrerArbeidsdag.php:0
[12-Jun-2017 14:27:39 UTC] PHP Warning:  include(): Failed opening '../listebokser/listeboksTime.php' for inclusion (include_path='.:/usr/share/php:/usr/share/pear') in /home/ubuntu/workspace/vedlikehold/registrer/registrerArbeidsdag.php on line 38
[12-Jun-2017 14:27:39 UTC] PHP Stack trace:
[12-Jun-2017 14:27:39 UTC] PHP   1. {main}() /home/ubuntu/workspace/vedlikehold/registrer/registrerArbeidsdag.php:0
[12-Jun-2017 14:27:39 UTC] PHP Warning:  include(../listebokser/listeboksTime.php): failed to open stream: No such file or directory in /home/ubuntu/workspace/vedlikehold/registrer/registrerArbeidsdag.php on line 44
[12-Jun-2017 14:27:39 UTC] PHP Stack trace:
[12-Jun-2017 14:27:39 UTC] PHP   1. {main}() /home/ubuntu/workspace/vedlikehold/registrer/registrerArbeidsdag.php:0
[12-Jun-2017 14:27:39 UTC] PHP Warning:  include(): Failed opening '../listebokser/listeboksTime.php' for inclusion (include_path='.:/usr/share/php:/usr/share/pear') in /home/ubuntu/workspace/vedlikehold/registrer/registrerArbeidsdag.php on line 44
[12-Jun-2017 14:27:39 UTC] PHP Stack trace:
[12-Jun-2017 14:27:39 UTC] PHP   1. {main}() /home/ubuntu/workspace/vedlikehold/registrer/registrerArbeidsdag.php:0
[12-Jun-2017 15:31:47 UTC] PHP Parse error:  syntax error, unexpected 'for' (T_FOR) in /home/ubuntu/workspace/vedlikehold/listebokser/listeboksBehandler.php on line 13
[12-Jun-2017 15:31:47 UTC] PHP Stack trace:
[12-Jun-2017 15:31:47 UTC] PHP   1. {main}() /home/ubuntu/workspace/vedlikehold/vis/visArbeidsdag.php:0
[12-Jun-2017 16:03:59 UTC] PHP Parse error:  syntax error, unexpected 'error' (T_STRING) in /home/ubuntu/workspace/vedlikehold/registrer/registrerArbeidsdag.php on line 67
[12-Jun-2017 17:46:24 UTC] PHP Parse error:  syntax error, unexpected '=' in /home/ubuntu/workspace/vedlikehold/endre/endreYrkesgruppe.php on line 24
[12-Jun-2017 17:46:48 UTC] PHP Parse error:  syntax error, unexpected '=' in /home/ubuntu/workspace/vedlikehold/endre/endreYrkesgruppe.php on line 24
[12-Jun-2017 17:48:20 UTC] PHP Parse error:  syntax error, unexpected '=' in /home/ubuntu/workspace/vedlikehold/endre/endreYrkesgruppe.php on line 26
[12-Jun-2017 17:49:05 UTC] PHP Parse error:  syntax error, unexpected '=' in /home/ubuntu/workspace/vedlikehold/endre/endreYrkesgruppe.php on line 26
[12-Jun-2017 17:49:46 UTC] PHP Parse error:  syntax error, unexpected 'error' (T_STRING) in /home/ubuntu/workspace/vedlikehold/endre/endreYrkesgruppe.php on line 26
[12-Jun-2017 17:50:02 UTC] PHP Parse error:  syntax error, unexpected '}' in /home/ubuntu/workspace/vedlikehold/endre/endreYrkesgruppe.php on line 28
[12-Jun-2017 17:50:15 UTC] PHP Parse error:  syntax error, unexpected '{' in /home/ubuntu/workspace/vedlikehold/endre/endreYrkesgruppe.php on line 28
[12-Jun-2017 17:50:18 UTC] PHP Parse error:  syntax error, unexpected '{' in /home/ubuntu/workspace/vedlikehold/endre/endreYrkesgruppe.php on line 28
[12-Jun-2017 20:14:44 UTC] PHP Parse error:  syntax error, unexpected ',' in /home/ubuntu/workspace/vedlikehold/endre/endreArbeidsdag.php on line 47
[12-Jun-2017 20:14:47 UTC] PHP Parse error:  syntax error, unexpected ',' in /home/ubuntu/workspace/vedlikehold/endre/endreArbeidsdag.php on line 47
[12-Jun-2017 20:15:39 UTC] PHP Parse error:  syntax error, unexpected ',' in /home/ubuntu/workspace/vedlikehold/endre/endreArbeidsdag.php on line 47
[12-Jun-2017 20:15:40 UTC] PHP Parse error:  syntax error, unexpected ',' in /home/ubuntu/workspace/vedlikehold/endre/endreArbeidsdag.php on line 47
[12-Jun-2017 20:15:41 UTC] PHP Parse error:  syntax error, unexpected ',' in /home/ubuntu/workspace/vedlikehold/endre/endreArbeidsdag.php on line 47
[12-Jun-2017 20:15:41 UTC] PHP Parse error:  syntax error, unexpected ',' in /home/ubuntu/workspace/vedlikehold/endre/endreArbeidsdag.php on line 47
[12-Jun-2017 20:15:41 UTC] PHP Parse error:  syntax error, unexpected ',' in /home/ubuntu/workspace/vedlikehold/endre/endreArbeidsdag.php on line 47
[12-Jun-2017 20:15:43 UTC] PHP Parse error:  syntax error, unexpected ',' in /home/ubuntu/workspace/vedlikehold/endre/endreArbeidsdag.php on line 47
[12-Jun-2017 20:22:50 UTC] PHP Parse error:  syntax error, unexpected '' (T_ENCAPSED_AND_WHITESPACE), expecting identifier (T_STRING) or variable (T_VARIABLE) or number (T_NUM_STRING) in /home/ubuntu/workspace/vedlikehold/endre/endreArbeidsdag.php on line 96
[12-Jun-2017 20:23:05 UTC] PHP Parse error:  syntax error, unexpected '' (T_ENCAPSED_AND_WHITESPACE), expecting identifier (T_STRING) or variable (T_VARIABLE) or number (T_NUM_STRING) in /home/ubuntu/workspace/vedlikehold/endre/endreArbeidsdag.php on line 96
[12-Jun-2017 20:39:44 UTC] PHP Parse error:  syntax error, unexpected 'print' (T_PRINT) in /home/ubuntu/workspace/vedlikehold/endre/endreArbeidsdag.php on line 54
[13-Jun-2017 17:04:16 UTC] PHP Parse error:  syntax error, unexpected 'else' (T_ELSE) in /home/ubuntu/workspace/vedlikehold/registrer/registrerArbeidsdag.php on line 82
[13-Jun-2017 17:04:51 UTC] PHP Parse error:  syntax error, unexpected 'else' (T_ELSE) in /home/ubuntu/workspace/vedlikehold/registrer/registrerArbeidsdag.php on line 83
[13-Jun-2017 17:04:54 UTC] PHP Parse error:  syntax error, unexpected 'else' (T_ELSE) in /home/ubuntu/workspace/vedlikehold/registrer/registrerArbeidsdag.php on line 83
[14-Jun-2017 19:51:19 UTC] PHP Parse error:  syntax error, unexpected '$sqlResultat' (T_VARIABLE) in /home/ubuntu/workspace/vedlikehold/registrer/registrerArbeidsdag.php on line 90
[14-Jun-2017 20:07:35 UTC] PHP Parse error:  syntax error, unexpected '=', expecting ',' or ';' in /home/ubuntu/workspace/vedlikehold/slette/slettArbeidsdag.php on line 27
[14-Jun-2017 20:07:38 UTC] PHP Parse error:  syntax error, unexpected '=', expecting ',' or ';' in /home/ubuntu/workspace/vedlikehold/slette/slettArbeidsdag.php on line 27
[14-Jun-2017 20:07:43 UTC] PHP Parse error:  syntax error, unexpected '=', expecting ',' or ';' in /home/ubuntu/workspace/vedlikehold/slette/slettArbeidsdag.php on line 27
[14-Jun-2017 20:10:02 UTC] PHP Parse error:  syntax error, unexpected 'text' (T_STRING) in /home/ubuntu/workspace/vedlikehold/slette/slettArbeidsdag.php on line 49
[14-Jun-2017 20:31:05 UTC] PHP Parse error:  syntax error, unexpected '}' in /home/ubuntu/workspace/vedlikehold/endre/endreArbeidsdag.php on line 85
[14-Jun-2017 20:54:56 UTC] PHP Parse error:  syntax error, unexpected 'else' (T_ELSE) in /home/ubuntu/workspace/vedlikehold/registrer/registrerBehandler.php on line 45
[14-Jun-2017 21:03:44 UTC] PHP Parse error:  syntax error, unexpected '}' in /home/ubuntu/workspace/vedlikehold/registrer/registrerBehandler.php on line 56
[14-Jun-2017 21:03:56 UTC] PHP Catchable fatal error:  Object of class mysqli_result could not be converted to string in /home/ubuntu/workspace/vedlikehold/registrer/registrerBehandler.php on line 55
[14-Jun-2017 21:03:56 UTC] PHP Stack trace:
[14-Jun-2017 21:03:56 UTC] PHP   1. {main}() /home/ubuntu/workspace/vedlikehold/registrer/registrerBehandler.php:0
[14-Jun-2017 21:34:01 UTC] PHP Parse error:  syntax error, unexpected '<' in /home/ubuntu/workspace/vedlikehold/vis/visArbeidsdag.php on line 75
[15-Jun-2017 04:48:56 UTC] PHP Warning:  unlink(/home/ubuntu/workspace/vedlikehold/bilder/16776688_10211980981783543_956765251_o.jpg): No such file or directory in /home/ubuntu/workspace/vedlikehold/slette/slettBilde.php on line 42
[15-Jun-2017 04:48:56 UTC] PHP Stack trace:
[15-Jun-2017 04:48:56 UTC] PHP   1. {main}() /home/ubuntu/workspace/vedlikehold/slette/slettBilde.php:0
[15-Jun-2017 04:48:56 UTC] PHP   2. unlink() /home/ubuntu/workspace/vedlikehold/slette/slettBilde.php:42
[15-Jun-2017 04:49:31 UTC] PHP Warning:  unlink(/home/ubuntu/workspace/vedlikehold/bilder/16776688_10211980981783543_956765251_o.jpg): No such file or directory in /home/ubuntu/workspace/vedlikehold/slette/slettBilde.php on line 42
[15-Jun-2017 04:49:31 UTC] PHP Stack trace:
[15-Jun-2017 04:49:31 UTC] PHP   1. {main}() /home/ubuntu/workspace/vedlikehold/slette/slettBilde.php:0
[15-Jun-2017 04:49:31 UTC] PHP   2. unlink() /home/ubuntu/workspace/vedlikehold/slette/slettBilde.php:42
[15-Jun-2017 06:42:52 UTC] PHP Warning:  mysqli_connect(): (HY000/1045): Access denied for user 'web-prg11v06'@'localhost' (using password: YES) in /home/ubuntu/workspace/database/dbTilkobling.php on line 6
[15-Jun-2017 06:42:52 UTC] PHP Stack trace:
[15-Jun-2017 06:42:52 UTC] PHP   1. {main}() /home/ubuntu/workspace/vedlikehold/system/login.php:0
[15-Jun-2017 06:42:52 UTC] PHP   2. include() /home/ubuntu/workspace/vedlikehold/system/login.php:8
[15-Jun-2017 06:42:52 UTC] PHP   3. mysqli_connect() /home/ubuntu/workspace/database/dbTilkobling.php:6
[15-Jun-2017 06:58:56 UTC] PHP Warning:  mysqli_connect(): (HY000/1045): Access denied for user 'web-prg11v06'@'localhost' (using password: YES) in /home/ubuntu/workspace/database/dbTilkobling.php on line 6
[15-Jun-2017 06:58:56 UTC] PHP Stack trace:
[15-Jun-2017 06:58:56 UTC] PHP   1. {main}() /home/ubuntu/workspace/vedlikehold/vis/visBilder.php:0
[15-Jun-2017 06:58:56 UTC] PHP   2. include() /home/ubuntu/workspace/vedlikehold/vis/visBilder.php:2
[15-Jun-2017 06:58:56 UTC] PHP   3. mysqli_connect() /home/ubuntu/workspace/database/dbTilkobling.php:6
[15-Jun-2017 07:06:38 UTC] PHP Warning:  mysqli_connect(): (HY000/1045): Access denied for user 'web-prg11v06'@'localhost' (using password: YES) in /home/ubuntu/workspace/database/dbTilkobling.php on line 6
[15-Jun-2017 07:06:38 UTC] PHP Stack trace:
[15-Jun-2017 07:06:38 UTC] PHP   1. {main}() /home/ubuntu/workspace/vedlikehold/vis/visBilder.php:0
[15-Jun-2017 07:06:38 UTC] PHP   2. include() /home/ubuntu/workspace/vedlikehold/vis/visBilder.php:2
[15-Jun-2017 07:06:38 UTC] PHP   3. mysqli_connect() /home/ubuntu/workspace/database/dbTilkobling.php:6
[15-Jun-2017 07:06:41 UTC] PHP Warning:  mysqli_connect(): (HY000/1045): Access denied for user 'web-prg11v06'@'localhost' (using password: YES) in /home/ubuntu/workspace/database/dbTilkobling.php on line 6
[15-Jun-2017 07:06:41 UTC] PHP Stack trace:
[15-Jun-2017 07:06:41 UTC] PHP   1. {main}() /home/ubuntu/workspace/vedlikehold/vis/visBehandler.php:0
[15-Jun-2017 07:06:41 UTC] PHP   2. include() /home/ubuntu/workspace/vedlikehold/vis/visBehandler.php:2
[15-Jun-2017 07:06:41 UTC] PHP   3. mysqli_connect() /home/ubuntu/workspace/database/dbTilkobling.php:6
[15-Jun-2017 07:13:33 UTC] PHP Warning:  mysqli_connect(): (HY000/1045): Access denied for user 'web-prg11v06'@'localhost' (using password: YES) in /home/ubuntu/workspace/database/dbTilkobling.php on line 6
[15-Jun-2017 07:13:33 UTC] PHP Stack trace:
[15-Jun-2017 07:13:33 UTC] PHP   1. {main}() /home/ubuntu/workspace/vedlikehold/vis/visBilder.php:0
[15-Jun-2017 07:13:33 UTC] PHP   2. include() /home/ubuntu/workspace/vedlikehold/vis/visBilder.php:2
[15-Jun-2017 07:13:33 UTC] PHP   3. mysqli_connect() /home/ubuntu/workspace/database/dbTilkobling.php:6
[15-Jun-2017 07:14:59 UTC] PHP Warning:  mysqli_connect(): (HY000/1045): Access denied for user 'web-prg11v06'@'localhost' (using password: YES) in /home/ubuntu/workspace/database/dbTilkobling.php on line 6
[15-Jun-2017 07:14:59 UTC] PHP Stack trace:
[15-Jun-2017 07:14:59 UTC] PHP   1. {main}() /home/ubuntu/workspace/vedlikehold/vis/visYrkesgruppe.php:0
[15-Jun-2017 07:14:59 UTC] PHP   2. include() /home/ubuntu/workspace/vedlikehold/vis/visYrkesgruppe.php:2
[15-Jun-2017 07:14:59 UTC] PHP   3. mysqli_connect() /home/ubuntu/workspace/database/dbTilkobling.php:6
[15-Jun-2017 10:19:07 UTC] PHP Warning:  mysqli_connect(): (HY000/1045): Access denied for user 'web-prg11v06'@'localhost' (using password: YES) in /home/ubuntu/workspace/database/dbTilkobling.php on line 6
[15-Jun-2017 10:19:07 UTC] PHP Stack trace:
[15-Jun-2017 10:19:07 UTC] PHP   1. {main}() /home/ubuntu/workspace/vedlikehold/system/login.php:0
[15-Jun-2017 10:19:07 UTC] PHP   2. include() /home/ubuntu/workspace/vedlikehold/system/login.php:8
[15-Jun-2017 10:19:07 UTC] PHP   3. mysqli_connect() /home/ubuntu/workspace/database/dbTilkobling.php:6
[15-Jun-2017 18:58:41 UTC] PHP Warning:  mysqli_connect(): (HY000/1045): Access denied for user 'web-prg11v06'@'localhost' (using password: YES) in /home/ubuntu/workspace/database/dbTilkobling.php on line 6
[15-Jun-2017 18:58:41 UTC] PHP Stack trace:
[15-Jun-2017 18:58:41 UTC] PHP   1. {main}() /home/ubuntu/workspace/vedlikehold/system/login.php:0
[15-Jun-2017 18:58:41 UTC] PHP   2. include() /home/ubuntu/workspace/vedlikehold/system/login.php:8
[15-Jun-2017 18:58:41 UTC] PHP   3. mysqli_connect() /home/ubuntu/workspace/database/dbTilkobling.php:6
[15-Jun-2017 18:58:53 UTC] PHP Warning:  mysqli_connect(): (HY000/1045): Access denied for user 'web-prg11v06'@'localhost' (using password: YES) in /home/ubuntu/workspace/database/dbTilkobling.php on line 6
[15-Jun-2017 18:58:53 UTC] PHP Stack trace:
[15-Jun-2017 18:58:53 UTC] PHP   1. {main}() /home/ubuntu/workspace/vedlikehold/system/login.php:0
[15-Jun-2017 18:58:53 UTC] PHP   2. include() /home/ubuntu/workspace/vedlikehold/system/login.php:8
[15-Jun-2017 18:58:53 UTC] PHP   3. mysqli_connect() /home/ubuntu/workspace/database/dbTilkobling.php:6
[16-Jun-2017 11:30:11 UTC] PHP Warning:  mysqli_connect(): (HY000/1045): Access denied for user 'web-prg11v06'@'localhost' (using password: YES) in /home/ubuntu/workspace/database/dbTilkobling.php on line 6
[16-Jun-2017 11:30:11 UTC] PHP Stack trace:
[16-Jun-2017 11:30:11 UTC] PHP   1. {main}() /home/ubuntu/workspace/vedlikehold/system/login.php:0
[16-Jun-2017 11:30:11 UTC] PHP   2. include() /home/ubuntu/workspace/vedlikehold/system/login.php:8
[16-Jun-2017 11:30:11 UTC] PHP   3. mysqli_connect() /home/ubuntu/workspace/database/dbTilkobling.php:6
[16-Jun-2017 11:30:18 UTC] PHP Warning:  mysqli_connect(): (HY000/1045): Access denied for user 'web-prg11v06'@'localhost' (using password: YES) in /home/ubuntu/workspace/database/dbTilkobling.php on line 6
[16-Jun-2017 11:30:18 UTC] PHP Stack trace:
[16-Jun-2017 11:30:18 UTC] PHP   1. {main}() /home/ubuntu/workspace/vedlikehold/system/login.php:0
[16-Jun-2017 11:30:18 UTC] PHP   2. include() /home/ubuntu/workspace/vedlikehold/system/login.php:8
[16-Jun-2017 11:30:18 UTC] PHP   3. mysqli_connect() /home/ubuntu/workspace/database/dbTilkobling.php:6
[17-Jun-2017 11:31:51 UTC] PHP Warning:  mysqli_connect(): (HY000/1045): Access denied for user 'web-prg11v06'@'localhost' (using password: YES) in /home/ubuntu/workspace/database/dbTilkobling.php on line 6
[17-Jun-2017 11:31:51 UTC] PHP Stack trace:
[17-Jun-2017 11:31:51 UTC] PHP   1. {main}() /home/ubuntu/workspace/vedlikehold/system/login.php:0
[17-Jun-2017 11:31:51 UTC] PHP   2. include() /home/ubuntu/workspace/vedlikehold/system/login.php:8
[17-Jun-2017 11:31:51 UTC] PHP   3. mysqli_connect() /home/ubuntu/workspace/database/dbTilkobling.php:6
[17-Jun-2017 11:31:56 UTC] PHP Warning:  mysqli_connect(): (HY000/1045): Access denied for user 'web-prg11v06'@'localhost' (using password: YES) in /home/ubuntu/workspace/database/dbTilkobling.php on line 6
[17-Jun-2017 11:31:56 UTC] PHP Stack trace:
[17-Jun-2017 11:31:56 UTC] PHP   1. {main}() /home/ubuntu/workspace/vedlikehold/system/login.php:0
[17-Jun-2017 11:31:56 UTC] PHP   2. include() /home/ubuntu/workspace/vedlikehold/system/login.php:8
[17-Jun-2017 11:31:56 UTC] PHP   3. mysqli_connect() /home/ubuntu/workspace/database/dbTilkobling.php:6
[19-Jun-2017 11:42:46 UTC] PHP Warning:  mysqli_connect(): (HY000/1045): Access denied for user 'web-prg11v06'@'localhost' (using password: YES) in /home/ubuntu/workspace/database/dbTilkobling.php on line 6
[19-Jun-2017 11:42:46 UTC] PHP Stack trace:
[19-Jun-2017 11:42:46 UTC] PHP   1. {main}() /home/ubuntu/workspace/vedlikehold/registrer/registrerArbeidsdag.php:0
[19-Jun-2017 11:42:46 UTC] PHP   2. include() /home/ubuntu/workspace/vedlikehold/registrer/registrerArbeidsdag.php:2
[19-Jun-2017 11:42:46 UTC] PHP   3. mysqli_connect() /home/ubuntu/workspace/database/dbTilkobling.php:6
[19-Jun-2017 12:44:33 UTC] PHP Warning:  mysqli_connect(): (HY000/1045): Access denied for user 'web-prg11v06'@'localhost' (using password: YES) in /home/ubuntu/workspace/database/dbTilkobling.php on line 6
[19-Jun-2017 12:44:33 UTC] PHP Stack trace:
[19-Jun-2017 12:44:33 UTC] PHP   1. {main}() /home/ubuntu/workspace/vedlikehold/registrer/registrerArbeidsdag.php:0
[19-Jun-2017 12:44:33 UTC] PHP   2. include() /home/ubuntu/workspace/vedlikehold/registrer/registrerArbeidsdag.php:2
[19-Jun-2017 12:44:33 UTC] PHP   3. mysqli_connect() /home/ubuntu/workspace/database/dbTilkobling.php:6
[19-Jun-2017 16:29:47 UTC] PHP Warning:  mysqli_connect(): (HY000/1045): Access denied for user 'web-prg11v06'@'localhost' (using password: YES) in /home/ubuntu/workspace/database/dbTilkobling.php on line 6
[19-Jun-2017 16:29:47 UTC] PHP Stack trace:
[19-Jun-2017 16:29:47 UTC] PHP   1. {main}() /home/ubuntu/workspace/vedlikehold/registrer/registrerArbeidsdag.php:0
[19-Jun-2017 16:29:47 UTC] PHP   2. include() /home/ubuntu/workspace/vedlikehold/registrer/registrerArbeidsdag.php:2
[19-Jun-2017 16:29:47 UTC] PHP   3. mysqli_connect() /home/ubuntu/workspace/database/dbTilkobling.php:6
[22-Aug-2017 15:38:03 UTC] PHP Warning:  mysqli_connect(): (HY000/1045): Access denied for user 'web-prg11v06'@'localhost' (using password: YES) in /home/ubuntu/workspace/database/dbTilkobling.php on line 6
[22-Aug-2017 15:38:03 UTC] PHP Stack trace:
[22-Aug-2017 15:38:03 UTC] PHP   1. {main}() /home/ubuntu/workspace/vedlikehold/system/login.php:0
[22-Aug-2017 15:38:03 UTC] PHP   2. include() /home/ubuntu/workspace/vedlikehold/system/login.php:8
[22-Aug-2017 15:38:03 UTC] PHP   3. mysqli_connect() /home/ubuntu/workspace/database/dbTilkobling.php:6
